<?xml version="1.0" encoding="UTF-8" standalone="no"?>
<testsuite errors="0" failures="0" name="io.cucumber.core.plugin.JUnitFormatter" skipped="0" tests="1" time="0.716">
    <testcase classname="" name="Verify the user login" time="0.028">
        <system-out>
            <![CDATA[Given user is on login page.................................................passed
When user enters username and password......................................passed
And clicks non login button.................................................passed
Then user should be navigated to homepage...................................passed
]]>
        </system-out>
    </testcase>
</testsuite>
